[21172526] Using port 4461
Server waiting for client
Connected player with UUID OrbisChallenge
Assigned index 0 (Red)
Server waiting for client
Connected player with UUID PythonAI
Assigned index 1 (Blue)
[21174261] Initializing game...
[0] OrbisChallenge (Comm open) - sending GET_READY...
[0] OrbisChallenge (Comm open) - Ready!
[1] PythonAI (Comm open) - sending GET_READY...
[1] PythonAI (Comm open) - Ready!
[21174721] Asking 0 for move
[21174722] Asking 1 for move
[21174742] Got 0's move
[21174776] Got 1's move
[21174777] ===== Move Frame 0 =========
[21174777] ==============================
...................
...................
..X.X....+....X.X..
...X....+B+....X...
..X.X....B....X.X..
...................
........X.X........
.......X...X.......
......X.X.X.X......
.........X.........
......X.X.X.X......
.......X...X.......
........X.X........
...................
..X.X....-....X.X..
...X....-A-....X...
..X.X....-....X.X..
...................
...................
[21175407] Asking 0 for move
[21175407] Asking 1 for move
[21175415] Got 1's move
[21175421] Got 0's move
[21175421] ===== Move Frame 1 =========
[21175421] ==============================
...................
...................
..X.X....+....X.X..
...X....+B+....X...
..X.X....B....X.X..
.........B.........
........X.X........
.......X...X.......
......X.X.X.X......
.........X.........
......X.X.X.X......
.......X...X.......
........X.X........
...................
..X.X....-....X.X..
...X....-A-....X...
..X.X....-....X.X..
...................
...................
[21176029] Asking 1 for move
[21176029] Asking 0 for move
[21176033] Got 0's move
[21176035] Got 1's move
[21176036] ===== Move Frame 2 =========
[21176036] ==============================
...................
...................
..X.X....+....X.X..
...X....+B+....X...
..X.X....BB...X.X..
.........+.........
........XBX........
.......X...X.......
......X.X.X.X......
.........X.........
......X.X.X.X......
.......X...X.......
........X.X........
...................
..X.X....-....X.X..
...X....-A-....X...
..X.X....-....X.X..
...................
...................
[21176641] Asking 1 for move
[21176641] Asking 0 for move
[21176651] Got 1's move
[21176654] Got 0's move
[21176662] ===== Move Frame 3 =========
[21176663] ==============================
...................
...................
..X.X....+....X.X..
...X....+B+....X...
..X.X...BB+...X.X..
.........+B........
........X+X........
.......XBBBX.......
......X.XBX.X......
.........X.........
......X.X.X.X......
.......X...X.......
........X.X........
...................
..X.X....-....X.X..
...X....-A-....X...
..X.X....-....X.X..
...................
...................
[21177263] PythonAI BUILT NEST AT (8, 7)
[21177263] PythonAI BUILT NEST AT (9, 8)
[21177263] PythonAI BUILT NEST AT (10, 7)
[21177264] Asking 0 for move
[21177264] Asking 1 for move
[21177279] Got 0's move
[21177293] Got 1's move
[21177294] ===== Move Frame 4 =========
[21177294] ==============================
...................
...................
..X.X....+....X.X..
...X....+BB....X...
..X.X...+++...X.X..
........BB+B.......
........XBX........
.......XBBBX.......
......X.XBX.X......
.........X.........
......X.X.X.X......
.......X...X.......
........X.X........
...................
..X.X....-....X.X..
...X....-A-....X...
..X.X....-....X.X..
...................
...................
[21177895] Asking 0 for move
[21177896] Asking 1 for move
[21177905] Got 0's move
[21177907] Got 1's move
[21177911] ===== Move Frame 5 =========
[21177911] ==============================
...................
...................
..X.X....+....X.X..
...X....+BBB...X...
..X.X...+++...X.X..
.......BBB++.......
........XBXB.......
.......XBBBX.......
......X.XBX.X......
.........X.........
......X.X.X.X......
.......X...X.......
........X.X........
...................
..X.X....-....X.X..
...X....-A-....X...
..X.X....-....X.X..
...................
...................
[21178512] Asking 0 for move
[21178512] Asking 1 for move
[21178522] Got 0's move
[21178532] Got 1's move
[21178543] ===== Move Frame 6 =========
[21178543] ==============================
...................
...................
..X.X....+B...X.X..
...X....+BB+...X...
..X.X...B++B..X.X..
.......++BB+.......
.......BXBX+B......
.......XBBBX.......
......X.XBX.X......
.........X.........
......X.X.X.X......
.......X...X.......
........X.X........
...................
..X.X....-....X.X..
...X....-A-....X...
..X.X....-....X.X..
...................
...................
[21179167] Asking 0 for move
[21179168] Asking 1 for move
[21179196] Got 0's move
[21179211] Got 1's move
[21179213] ===== Move Frame 7 =========
[21179213] ==============================
...................
...................
..X.X....B+B..X.X..
...X....+B+B...X...
..X.X..B++++B.X.X..
.......++BBB.......
......B+XBX++......
.......XBBBXB......
......X.XBX.X......
.........X.........
......X.X.X.X......
.......X...X.......
........X.X........
...................
..X.X....-....X.X..
...X....-A-....X...
..X.X....-....X.X..
...................
...................
[21179563] Recording complete.
